Using pre-set license
Built from '2020.3/staging' branch; Version is '2020.3.0f1 (c7b5465681fb) revision 13088070'; Using compiler version '192528614'; Build Type 'Release'
OS: 'Windows 10 Home Single Language; OS build 19042.867; Version 2009; 64bit' Language: 'en' Physical Memory: 8066 MB
BatchMode: 1, IsHumanControllingUs: 0, StartBugReporterOnCrash: 0, Is64bit: 1, IsPro: 0

 COMMAND LINE ARGUMENTS:
C:\Program Files\Unity\Hub\Editor\2020.3.0f1\Editor\Unity.exe
-adb2
-batchMode
-noUpm
-name
AssetImportWorker0
-projectPath
C:/Users/larig/Documents/GitHub/penance
-logFile
Logs/AssetImportWorker0.log
-srvPort
55876
Successfully changed project path to: C:/Users/larig/Documents/GitHub/penance
C:/Users/larig/Documents/GitHub/penance
Using Asset Import Pipeline V2.
Refreshing native plugins compatible for Editor in 30.08 ms, found 0 plugins.
Preloading 0 native plugins for Editor in 0.00 ms.
Initialize engine version: 2020.3.0f1 (c7b5465681fb)
[Subsystems] Discovering subsystems at path C:/Program Files/Unity/Hub/Editor/2020.3.0f1/Editor/Data/Resources/UnitySubsystems
[Subsystems] Discovering subsystems at path C:/Users/larig/Documents/GitHub/penance/Assets
GfxDevice: creating device client; threaded=0
Direct3D:
    Version:  Direct3D 11.0 [level 11.1]
    Renderer: Intel(R) HD Graphics 620 (ID=0x5916)
    Vendor:   
    VRAM:     4033 MB
    Driver:   27.20.100.9316
Initialize mono
Mono path[0] = 'C:/Program Files/Unity/Hub/Editor/2020.3.0f1/Editor/Data/Managed'
Mono path[1] = 'C:/Program Files/Unity/Hub/Editor/2020.3.0f1/Editor/Data/MonoBleedingEdge/lib/mono/unityjit'
Mono config path = 'C:/Program Files/Unity/Hub/Editor/2020.3.0f1/Editor/Data/MonoBleedingEdge/etc'
Using monoOptions --debugger-agent=transport=dt_socket,embedding=1,server=y,suspend=n,address=127.0.0.1:56192
Begin MonoManager ReloadAssembly
Registering precompiled unity dll's ...
Register platform support module: C:/Program Files/Unity/Hub/Editor/2020.3.0f1/Editor/Data/PlaybackEngines/WindowsStandaloneSupport/UnityEditor.WindowsStandalone.Extensions.dll
Registered in 0.002319 seconds.
Native extension for WindowsStandalone target not found
Refreshing native plugins compatible for Editor in 28.52 ms, found 0 plugins.
Preloading 0 native plugins for Editor in 0.00 ms.
Invoked RoslynAnalysisRunner static constructor.
RoslynAnalysisRunner will not be running.
RoslynAnalysisRunner has terminated.
Mono: successfully reloaded assembly
- Completed reload, in  1.385 seconds
Platform modules already initialized, skipping
Registering precompiled user dll's ...
Registered in 0.000815 seconds.
Begin MonoManager ReloadAssembly
Native extension for WindowsStandalone target not found
Refreshing native plugins compatible for Editor in 0.26 ms, found 0 plugins.
Preloading 0 native plugins for Editor in 0.00 ms.
Invoked RoslynAnalysisRunner static constructor.
RoslynAnalysisRunner will not be running.
RoslynAnalysisRunner has terminated.
Mono: successfully reloaded assembly
- Completed reload, in  1.080 seconds
Platform modules already initialized, skipping
========================================================================
Worker process is ready to serve import requests
Launched and connected shader compiler UnityShaderCompiler.exe after 0.06 seconds
Refreshing native plugins compatible for Editor in 0.21 ms, found 0 plugins.
Preloading 0 native plugins for Editor in 0.00 ms.
Unloading 1113 Unused Serialized files (Serialized files now loaded: 0)
System memory in use before: 56.9 MB.
System memory in use after: 56.9 MB.

Unloading 10 unused Assets to reduce memory usage. Loaded Objects now: 1555.
Total: 3.830600 ms (FindLiveObjects: 0.486600 ms CreateObjectMapping: 0.116000 ms MarkObjects: 3.066200 ms  DeleteObjects: 0.158200 ms)

========================================================================
Received Import Request.
  path: Assets
  artifactKey: Guid(00000000000000001000000000000000) Importer(815301076,1909f56bfc062723c751e8b465ee728b)
Start importing Assets using Guid(00000000000000001000000000000000) Importer(815301076,1909f56bfc062723c751e8b465ee728b)  -> (artifact id: '42baae205c97e3337697759514652acd') in 0.010628 seconds
  Import took 0.013248 seconds .

========================================================================
Received Import Request.
  Time since last request: 0.685638 seconds.
  path: Assets/Objects
  artifactKey: Guid(a416c12c3bb9ce046865143191d3a210) Importer(815301076,1909f56bfc062723c751e8b465ee728b)
Start importing Assets/Objects using Guid(a416c12c3bb9ce046865143191d3a210) Importer(815301076,1909f56bfc062723c751e8b465ee728b)  -> (artifact id: 'b82f145d1ebc7c49f2468b5e4052a3a8') in 0.008071 seconds
  Import took 0.010888 seconds .

========================================================================
Received Prepare
Registering precompiled user dll's ...
Registered in 0.000894 seconds.
Begin MonoManager ReloadAssembly
Native extension for WindowsStandalone target not found
Refreshing native plugins compatible for Editor in 0.24 ms, found 0 plugins.
Preloading 0 native plugins for Editor in 0.00 ms.
Invoked RoslynAnalysisRunner static constructor.
RoslynAnalysisRunner will not be running.
RoslynAnalysisRunner has terminated.
Mono: successfully reloaded assembly
- Completed reload, in  1.244 seconds
Platform modules already initialized, skipping
Refreshing native plugins compatible for Editor in 0.26 ms, found 0 plugins.
Preloading 0 native plugins for Editor in 0.00 ms.
Unloading 1112 Unused Serialized files (Serialized files now loaded: 0)
System memory in use before: 58.1 MB.
System memory in use after: 57.4 MB.

Unloading 7 unused Assets to reduce memory usage. Loaded Objects now: 1560.
Total: 4.185300 ms (FindLiveObjects: 0.234800 ms CreateObjectMapping: 0.069300 ms MarkObjects: 3.085600 ms  DeleteObjects: 0.793200 ms)

========================================================================
Received Import Request.
  Time since last request: 350.249050 seconds.
  path: Assets/Books
  artifactKey: Guid(b287036420889eb4eb7ebe9f9c9a9838) Importer(815301076,1909f56bfc062723c751e8b465ee728b)
Start importing Assets/Books using Guid(b287036420889eb4eb7ebe9f9c9a9838) Importer(815301076,1909f56bfc062723c751e8b465ee728b)  -> (artifact id: '90a7fe189d73d5929a4d3797da92a569') in 0.154198 seconds
  Import took 0.157154 seconds .

========================================================================
Received Import Request.
  Time since last request: 7.992023 seconds.
  path: Assets/Scenes
  artifactKey: Guid(ddfd7eca68d97be498e6d01174f5dd85) Importer(815301076,1909f56bfc062723c751e8b465ee728b)
Start importing Assets/Scenes using Guid(ddfd7eca68d97be498e6d01174f5dd85) Importer(815301076,1909f56bfc062723c751e8b465ee728b)  -> (artifact id: 'aa091bff76efcedfe45a6d44cdbabcce') in 0.014379 seconds
  Import took 0.017861 seconds .

========================================================================
Received Import Request.
  Time since last request: 0.731032 seconds.
  path: Assets/OldRadio
  artifactKey: Guid(750c999cb716d1f4d839005a97d1f991) Importer(815301076,1909f56bfc062723c751e8b465ee728b)
Start importing Assets/OldRadio using Guid(750c999cb716d1f4d839005a97d1f991) Importer(815301076,1909f56bfc062723c751e8b465ee728b)  -> (artifact id: 'b452f83242803d232e9ea220422eb6d0') in 0.016592 seconds
  Import took 0.019078 seconds .

========================================================================
Received Import Request.
  Time since last request: 3.766740 seconds.
  path: Assets/Standard Assets
  artifactKey: Guid(837ef863c99aa6043a646f896fd541c0) Importer(815301076,1909f56bfc062723c751e8b465ee728b)
Start importing Assets/Standard Assets using Guid(837ef863c99aa6043a646f896fd541c0) Importer(815301076,1909f56bfc062723c751e8b465ee728b)  -> (artifact id: '40326643a8dcd86a1d99da3ba19e64ff') in 0.013463 seconds
  Import took 0.016058 seconds .

========================================================================
Received Prepare
Registering precompiled user dll's ...
Registered in 0.001703 seconds.
Begin MonoManager ReloadAssembly
Native extension for WindowsStandalone target not found
Refreshing native plugins compatible for Editor in 0.26 ms, found 0 plugins.
Preloading 0 native plugins for Editor in 0.00 ms.
Invoked RoslynAnalysisRunner static constructor.
RoslynAnalysisRunner will not be running.
RoslynAnalysisRunner has terminated.
Mono: successfully reloaded assembly
- Completed reload, in  0.995 seconds
Platform modules already initialized, skipping
Refreshing native plugins compatible for Editor in 0.26 ms, found 0 plugins.
Preloading 0 native plugins for Editor in 0.00 ms.
Unloading 1111 Unused Serialized files (Serialized files now loaded: 0)
System memory in use before: 58.0 MB.
System memory in use after: 57.4 MB.

Unloading 7 unused Assets to reduce memory usage. Loaded Objects now: 1563.
Total: 3.764500 ms (FindLiveObjects: 0.936600 ms CreateObjectMapping: 0.307200 ms MarkObjects: 1.807200 ms  DeleteObjects: 0.711100 ms)

AssetImportWorkerClient::OnTransportError - code=2 error=End of file
